<?xml version="1.0" encoding="UTF-8"?>
<!-- Generated by org.testng.reporters.JUnitXMLReporter -->
<testsuite ignored="0" hostname="DESKTOP-LII1ASL" failures="0" tests="3" name="Test" time="40.198" errors="0" timestamp="2025-06-02T20:07:49 IST">
  <testcase classname="lambadaDemo.TestCase" name="TestScenario1" time="6.667"/>
  <testcase classname="lambadaDemo.TestCase" name="TestScenario2" time="3.461"/>
  <testcase classname="lambadaDemo.TestCase" name="TestScenario3" time="8.22"/>
</testsuite> <!-- Test -->
