<?xml version="1.0" encoding="UTF-8"?>
<!-- Generated by org.testng.reporters.JUnitXMLReporter -->
<testsuite ignored="0" hostname="DESKTOP-LII1ASL" failures="0" tests="3" name="Test in Firefox" time="24.562" errors="0" timestamp="02 Jun 2025 18:02:41 GMT">
  <testcase classname="lambdaTestSelenium101.TestCase" name="TestScenario1" time="4.041"/>
  <testcase classname="lambdaTestSelenium101.TestCase" name="TestScenario2" time="2.662"/>
  <testcase classname="lambdaTestSelenium101.TestCase" name="TestScenario3" time="7.558"/>
</testsuite> <!-- Test in Firefox -->
