<?xml version="1.0" encoding="UTF-8"?>
<!-- Generated by org.testng.reporters.JUnitXMLReporter -->
<testsuite ignored="0" hostname="DESKTOP-LII1ASL" failures="0" tests="3" name="Test in Chrome" time="25.971" errors="0" timestamp="02 Jun 2025 18:02:43 GMT">
  <testcase classname="lambdaTestSelenium101.TestCase" name="TestScenario1" time="5.227"/>
  <testcase classname="lambdaTestSelenium101.TestCase" name="TestScenario2" time="1.661"/>
  <testcase classname="lambdaTestSelenium101.TestCase" name="TestScenario3" time="5.646"/>
</testsuite> <!-- Test in Chrome -->
