<?xml version="1.0" encoding="UTF-8"?>
<testsuite xmlns:xsi="http://www.w3.org/2001/XMLSchema-instance" xsi:noNamespaceSchemaLocation="https://maven.apache.org/surefire/maven-surefire-plugin/xsd/surefire-test-report-3.0.xsd" version="3.0" name="TestSuite" time="26.566" tests="6" errors="0" skipped="0" failures="0">
  <properties>
[...]
</properties>
  <testcase name="TestScenario1" classname="lambdaTestSelenium101.TestCase" time="0.353">
    <system-out><![CDATA[[TestNGContentHandler] [WARN] It is strongly recommended to add "<!DOCTYPE suite SYSTEM "http://testng.org/testng-1.0.dtd" >" at the top of your file, otherwise TestNG may fail or not work as expected.
]]></system-out>
    <system-err><![CDATA[Jun 02, 2025 11:32:26 PM org.openqa.selenium.remote.ProtocolHandshake createSession
INFO: Detected dialect: W3C
Jun 02, 2025 11:32:30 PM org.openqa.selenium.remote.ProtocolHandshake createSession
INFO: Detected dialect: W3C
]]></system-err>
  </testcase>
  <testcase name="TestScenario1" classname="lambdaTestSelenium101.TestCase" time="2.211"/>
  <testcase name="TestScenario2" classname="lambdaTestSelenium101.TestCase" time="2.661"/>
  <testcase name="TestScenario2" classname="lambdaTestSelenium101.TestCase" time="1.661"/>
  <testcase name="TestScenario3" classname="lambdaTestSelenium101.TestCase" time="3.683"/>
  <testcase name="TestScenario3" classname="lambdaTestSelenium101.TestCase" time="5.645"/>
</testsuite>